<?xml version="1.0" encoding="UTF-8"?>
<coverage generated="1769381476970" clover="3.2.0">
  <project timestamp="1769381476970" name="All files">
    <metrics statements="144" coveredstatements="128" conditionals="119" coveredconditionals="87" methods="31" coveredmethods="29" elements="294" coveredelements="244" complexity="0" loc="144" ncloc="144" packages="2" files="4" classes="4"/>
    <package name="components">
      <metrics statements="101" coveredstatements="85" conditionals="101" coveredconditionals="74" methods="23" coveredmethods="21"/>
      <file name="AddPlayerForm.tsx" path="/Users/matejkriz/Projects/table-tennis-league/src/components/AddPlayerForm.tsx">
        <metrics statements="22" coveredstatements="22" conditionals="6" coveredconditionals="6" methods="5" coveredmethods="5"/>
        <line num="5" count="1" type="stmt"/>
        <line num="7" count="1" type="stmt"/>
        <line num="8" count="91" type="stmt"/>
        <line num="9" count="91" type="stmt"/>
        <line num="10" count="91" type="stmt"/>
        <line num="11" count="91" type="stmt"/>
        <line num="13" count="91" type="stmt"/>
        <line num="14" count="9" type="stmt"/>
        <line num="15" count="9" type="stmt"/>
        <line num="17" count="9" type="stmt"/>
        <line num="18" count="9" type="stmt"/>
        <line num="20" count="9" type="cond" truecount="2" falsecount="0"/>
        <line num="21" count="1" type="stmt"/>
        <line num="22" count="1" type="stmt"/>
        <line num="25" count="8" type="stmt"/>
        <line num="33" count="1" type="stmt"/>
        <line num="34" count="1" type="stmt"/>
        <line num="39" count="8" type="cond" truecount="2" falsecount="0"/>
        <line num="40" count="4" type="stmt"/>
        <line num="44" count="91" type="stmt"/>
        <line num="58" count="46" type="stmt"/>
        <line num="71" count="18" type="stmt"/>
      </file>
      <file name="CollapsibleSection.tsx" path="/Users/matejkriz/Projects/table-tennis-league/src/components/CollapsibleSection.tsx">
        <metrics statements="2" coveredstatements="2" conditionals="6" coveredconditionals="6" methods="1" coveredmethods="1"/>
        <line num="26" count="20" type="stmt"/>
        <line num="28" count="20" type="stmt"/>
      </file>
      <file name="MatchRecorder.tsx" path="/Users/matejkriz/Projects/table-tennis-league/src/components/MatchRecorder.tsx">
        <metrics statements="77" coveredstatements="61" conditionals="89" coveredconditionals="62" methods="17" coveredmethods="15"/>
        <line num="15" count="1" type="stmt"/>
        <line num="19" count="48" type="stmt"/>
        <line num="20" count="48" type="stmt"/>
        <line num="23" count="48" type="stmt"/>
        <line num="26" count="48" type="stmt"/>
        <line num="29" count="48" type="stmt"/>
        <line num="30" count="48" type="stmt"/>
        <line num="32" count="48" type="stmt"/>
        <line num="33" count="15" type="stmt"/>
        <line num="34" count="42" type="stmt"/>
        <line num="35" count="15" type="stmt"/>
        <line num="38" count="48" type="stmt"/>
        <line num="39" count="18" type="cond" truecount="5" falsecount="0"/>
        <line num="40" count="1" type="stmt"/>
        <line num="43" count="17" type="stmt"/>
        <line num="44" count="17" type="stmt"/>
        <line num="45" count="17" type="cond" truecount="3" falsecount="1"/>
        <line num="47" count="17" type="stmt"/>
        <line num="48" count="17" type="stmt"/>
        <line num="50" count="17" type="cond" truecount="3" falsecount="1"/>
        <line num="51" count="0" type="stmt"/>
        <line num="54" count="17" type="cond" truecount="2" falsecount="0"/>
        <line num="55" count="18" type="stmt"/>
        <line num="57" count="18" type="stmt"/>
        <line num="58" count="18" type="stmt"/>
        <line num="60" count="18" type="stmt"/>
        <line num="63" count="48" type="stmt"/>
        <line num="64" count="1" type="stmt"/>
        <line num="65" count="1" type="stmt"/>
        <line num="68" count="48" type="stmt"/>
        <line num="69" count="4" type="stmt"/>
        <line num="70" count="4" type="stmt"/>
        <line num="72" count="4" type="cond" truecount="3" falsecount="1"/>
        <line num="73" count="0" type="stmt"/>
        <line num="74" count="0" type="stmt"/>
        <line num="77" count="4" type="cond" truecount="1" falsecount="1"/>
        <line num="78" count="0" type="stmt"/>
        <line num="79" count="0" type="stmt"/>
        <line num="82" count="4" type="cond" truecount="2" falsecount="2"/>
        <line num="83" count="0" type="stmt"/>
        <line num="84" count="0" type="stmt"/>
        <line num="87" count="4" type="stmt"/>
        <line num="88" count="4" type="cond" truecount="1" falsecount="1"/>
        <line num="89" count="0" type="stmt"/>
        <line num="90" count="0" type="stmt"/>
        <line num="93" count="4" type="stmt"/>
        <line num="95" count="4" type="stmt"/>
        <line num="107" count="4" type="cond" truecount="2" falsecount="0"/>
        <line num="108" count="1" type="stmt"/>
        <line num="112" count="48" type="cond" truecount="2" falsecount="0"/>
        <line num="113" count="1" type="stmt"/>
        <line num="120" count="47" type="stmt"/>
        <line num="131" count="2" type="stmt"/>
        <line num="132" count="2" type="stmt"/>
        <line num="133" count="2" type="cond" truecount="3" falsecount="1"/>
        <line num="134" count="2" type="cond" truecount="1" falsecount="1"/>
        <line num="135" count="2" type="stmt"/>
        <line num="137" count="2" type="cond" truecount="4" falsecount="1"/>
        <line num="138" count="2" type="stmt"/>
        <line num="144" count="140" type="stmt"/>
        <line num="158" count="0" type="stmt"/>
        <line num="159" count="0" type="stmt"/>
        <line num="160" count="0" type="cond" truecount="0" falsecount="4"/>
        <line num="161" count="0" type="cond" truecount="0" falsecount="2"/>
        <line num="162" count="0" type="stmt"/>
        <line num="164" count="0" type="cond" truecount="0" falsecount="5"/>
        <line num="165" count="0" type="stmt"/>
        <line num="171" count="140" type="stmt"/>
        <line num="185" count="94" type="cond" truecount="1" falsecount="1"/>
        <line num="188" count="94" type="stmt"/>
        <line num="189" count="94" type="stmt"/>
        <line num="193" count="1" type="stmt"/>
        <line num="248" count="26" type="stmt"/>
        <line num="292" count="1" type="stmt"/>
        <line num="293" count="94" type="cond" truecount="1" falsecount="1"/>
        <line num="294" count="94" type="cond" truecount="2" falsecount="0"/>
        <line num="295" count="94" type="stmt"/>
      </file>
    </package>
    <package name="hooks">
      <metrics statements="43" coveredstatements="43" conditionals="18" coveredconditionals="13" methods="8" coveredmethods="8"/>
      <file name="useLeagueData.ts" path="/Users/matejkriz/Projects/table-tennis-league/src/hooks/useLeagueData.ts">
        <metrics statements="43" coveredstatements="43" conditionals="18" coveredconditionals="13" methods="8" coveredmethods="8"/>
        <line num="6" count="2" type="stmt"/>
        <line num="42" count="2" type="stmt"/>
        <line num="43" count="10" type="stmt"/>
        <line num="44" count="10" type="stmt"/>
        <line num="46" count="10" type="stmt"/>
        <line num="47" count="10" type="stmt"/>
        <line num="48" count="10" type="stmt"/>
        <line num="49" count="27" type="stmt"/>
        <line num="52" count="10" type="stmt"/>
        <line num="57" count="10" type="stmt"/>
        <line num="58" count="27" type="stmt"/>
        <line num="65" count="10" type="stmt"/>
        <line num="66" count="3" type="stmt"/>
        <line num="69" count="10" type="stmt"/>
        <line num="71" count="10" type="stmt"/>
        <line num="72" count="10" type="stmt"/>
        <line num="73" count="10" type="stmt"/>
        <line num="74" count="10" type="cond" truecount="3" falsecount="1"/>
        <line num="76" count="10" type="stmt"/>
        <line num="77" count="10" type="stmt"/>
        <line num="78" count="10" type="cond" truecount="3" falsecount="1"/>
        <line num="80" count="10" type="stmt"/>
        <line num="81" count="10" type="stmt"/>
        <line num="83" count="10" type="stmt"/>
        <line num="84" count="10" type="stmt"/>
        <line num="86" count="10" type="cond" truecount="2" falsecount="0"/>
        <line num="87" count="10" type="stmt"/>
        <line num="89" count="10" type="stmt"/>
        <line num="90" count="10" type="stmt"/>
        <line num="92" count="10" type="stmt"/>
        <line num="93" count="10" type="stmt"/>
        <line num="95" count="10" type="stmt"/>
        <line num="96" count="10" type="stmt"/>
        <line num="98" count="10" type="stmt"/>
        <line num="107" count="10" type="stmt"/>
        <line num="109" count="27" type="stmt"/>
        <line num="110" count="27" type="cond" truecount="1" falsecount="1"/>
        <line num="111" count="27" type="cond" truecount="1" falsecount="1"/>
        <line num="112" count="27" type="stmt"/>
        <line num="113" count="27" type="cond" truecount="1" falsecount="1"/>
        <line num="114" count="27" type="stmt"/>
        <line num="116" count="36" type="cond" truecount="2" falsecount="0"/>
        <line num="118" count="10" type="stmt"/>
      </file>
    </package>
  </project>
</coverage>
