{"/Users/matejkriz/Projects/table-tennis-league/src/components/AddPlayerForm.tsx": {"path":"/Users/matejkriz/Projects/table-tennis-league/src/components/AddPlayerForm.tsx","statementMap":{"0":{"start":{"line":5,"column":23},"end":{"line":5,"column":null}},"1":{"start":{"line":7,"column":29},"end":{"line":88,"column":null}},"2":{"start":{"line":8,"column":17},"end":{"line":8,"column":null}},"3":{"start":{"line":9,"column":22},"end":{"line":9,"column":null}},"4":{"start":{"line":10,"column":26},"end":{"line":10,"column":null}},"5":{"start":{"line":11,"column":24},"end":{"line":11,"column":null}},"6":{"start":{"line":13,"column":23},"end":{"line":42,"column":null}},"7":{"start":{"line":14,"column":4},"end":{"line":14,"column":null}},"8":{"start":{"line":15,"column":4},"end":{"line":15,"column":null}},"9":{"start":{"line":17,"column":24},"end":{"line":17,"column":null}},"10":{"start":{"line":18,"column":25},"end":{"line":18,"column":null}},"11":{"start":{"line":20,"column":4},"end":{"line":23,"column":null}},"12":{"start":{"line":21,"column":6},"end":{"line":21,"column":null}},"13":{"start":{"line":22,"column":6},"end":{"line":22,"column":null}},"14":{"start":{"line":25,"column":25},"end":{"line":37,"column":null}},"15":{"start":{"line":33,"column":10},"end":{"line":33,"column":null}},"16":{"start":{"line":34,"column":10},"end":{"line":34,"column":null}},"17":{"start":{"line":39,"column":4},"end":{"line":41,"column":null}},"18":{"start":{"line":40,"column":6},"end":{"line":40,"column":null}},"19":{"start":{"line":44,"column":2},"end":{"line":86,"column":null}},"20":{"start":{"line":58,"column":33},"end":{"line":58,"column":null}},"21":{"start":{"line":71,"column":33},"end":{"line":71,"column":null}}},"fnMap":{"0":{"name":"(anonymous_0)","decl":{"start":{"line":7,"column":29},"end":{"line":7,"column":35}},"loc":{"start":{"line":7,"column":35},"end":{"line":88,"column":null}},"line":7},"1":{"name":"(anonymous_1)","decl":{"start":{"line":13,"column":23},"end":{"line":13,"column":24}},"loc":{"start":{"line":13,"column":62},"end":{"line":42,"column":null}},"line":13},"2":{"name":"(anonymous_2)","decl":{"start":{"line":32,"column":20},"end":{"line":32,"column":26}},"loc":{"start":{"line":32,"column":26},"end":{"line":35,"column":null}},"line":32},"3":{"name":"(anonymous_3)","decl":{"start":{"line":58,"column":22},"end":{"line":58,"column":23}},"loc":{"start":{"line":58,"column":33},"end":{"line":58,"column":null}},"line":58},"4":{"name":"(anonymous_4)","decl":{"start":{"line":71,"column":22},"end":{"line":71,"column":23}},"loc":{"start":{"line":71,"column":33},"end":{"line":71,"column":null}},"line":71}},"branchMap":{"0":{"loc":{"start":{"line":20,"column":4},"end":{"line":23,"column":null}},"type":"if","locations":[{"start":{"line":20,"column":4},"end":{"line":23,"column":null}},{"start":{},"end":{}}],"line":20},"1":{"loc":{"start":{"line":39,"column":4},"end":{"line":41,"column":null}},"type":"if","locations":[{"start":{"line":39,"column":4},"end":{"line":41,"column":null}},{"start":{},"end":{}}],"line":39},"2":{"loc":{"start":{"line":75,"column":7},"end":{"line":76,"column":null}},"type":"binary-expr","locations":[{"start":{"line":75,"column":7},"end":{"line":75,"column":null}},{"start":{"line":76,"column":8},"end":{"line":76,"column":null}}],"line":75}},"s":{"0":1,"1":1,"2":91,"3":91,"4":91,"5":91,"6":91,"7":9,"8":9,"9":9,"10":9,"11":9,"12":1,"13":1,"14":8,"15":1,"16":1,"17":8,"18":4,"19":91,"20":46,"21":18},"f":{"0":91,"1":9,"2":1,"3":46,"4":18},"b":{"0":[1,8],"1":[4,4],"2":[91,5]},"meta":{"lastBranch":3,"lastFunction":5,"lastStatement":22,"seen":{"s:5:23:5:Infinity":0,"s:7:29:88:Infinity":1,"f:7:29:7:35":0,"s:8:17:8:Infinity":2,"s:9:22:9:Infinity":3,"s:10:26:10:Infinity":4,"s:11:24:11:Infinity":5,"s:13:23:42:Infinity":6,"f:13:23:13:24":1,"s:14:4:14:Infinity":7,"s:15:4:15:Infinity":8,"s:17:24:17:Infinity":9,"s:18:25:18:Infinity":10,"b:20:4:23:Infinity:undefined:undefined:undefined:undefined":0,"s:20:4:23:Infinity":11,"s:21:6:21:Infinity":12,"s:22:6:22:Infinity":13,"s:25:25:37:Infinity":14,"f:32:20:32:26":2,"s:33:10:33:Infinity":15,"s:34:10:34:Infinity":16,"b:39:4:41:Infinity:undefined:undefined:undefined:undefined":1,"s:39:4:41:Infinity":17,"s:40:6:40:Infinity":18,"s:44:2:86:Infinity":19,"f:58:22:58:23":3,"s:58:33:58:Infinity":20,"f:71:22:71:23":4,"s:71:33:71:Infinity":21,"b:75:7:75:Infinity:76:8:76:Infinity":2}}}
,"/Users/matejkriz/Projects/table-tennis-league/src/components/CollapsibleSection.tsx": {"path":"/Users/matejkriz/Projects/table-tennis-league/src/components/CollapsibleSection.tsx","statementMap":{"0":{"start":{"line":26,"column":23},"end":{"line":26,"column":null}},"1":{"start":{"line":28,"column":2},"end":{"line":60,"column":null}}},"fnMap":{"0":{"name":"CollapsibleSection","decl":{"start":{"line":19,"column":16},"end":{"line":19,"column":35}},"loc":{"start":{"line":25,"column":28},"end":{"line":62,"column":null}},"line":25}},"branchMap":{"0":{"loc":{"start":{"line":40,"column":11},"end":{"line":41,"column":null}},"type":"binary-expr","locations":[{"start":{"line":40,"column":11},"end":{"line":40,"column":null}},{"start":{"line":41,"column":12},"end":{"line":41,"column":null}}],"line":40},"1":{"loc":{"start":{"line":46,"column":14},"end":{"line":46,"column":null}},"type":"cond-expr","locations":[{"start":{"line":46,"column":23},"end":{"line":46,"column":38}},{"start":{"line":46,"column":38},"end":{"line":46,"column":null}}],"line":46},"2":{"loc":{"start":{"line":53,"column":10},"end":{"line":53,"column":null}},"type":"cond-expr","locations":[{"start":{"line":53,"column":19},"end":{"line":53,"column":39}},{"start":{"line":53,"column":39},"end":{"line":53,"column":null}}],"line":53}},"s":{"0":20,"1":20},"f":{"0":20},"b":{"0":[20,1],"1":[15,5],"2":[15,5]},"meta":{"lastBranch":3,"lastFunction":1,"lastStatement":2,"seen":{"f:19:16:19:35":0,"s:26:23:26:Infinity":0,"s:28:2:60:Infinity":1,"b:40:11:40:Infinity:41:12:41:Infinity":0,"b:46:23:46:38:46:38:46:Infinity":1,"b:53:19:53:39:53:39:53:Infinity":2}}}
,"/Users/matejkriz/Projects/table-tennis-league/src/components/MatchRecorder.tsx": {"path":"/Users/matejkriz/Projects/table-tennis-league/src/components/MatchRecorder.tsx","statementMap":{"0":{"start":{"line":15,"column":29},"end":{"line":290,"column":null}},"1":{"start":{"line":19,"column":17},"end":{"line":19,"column":null}},"2":{"start":{"line":20,"column":32},"end":{"line":22,"column":null}},"3":{"start":{"line":23,"column":32},"end":{"line":25,"column":null}},"4":{"start":{"line":26,"column":30},"end":{"line":28,"column":null}},"5":{"start":{"line":29,"column":22},"end":{"line":29,"column":null}},"6":{"start":{"line":30,"column":24},"end":{"line":30,"column":null}},"7":{"start":{"line":32,"column":8},"end":{"line":36,"column":null}},"8":{"start":{"line":33,"column":16},"end":{"line":33,"column":null}},"9":{"start":{"line":34,"column":4},"end":{"line":34,"column":null}},"10":{"start":{"line":34,"column":32},"end":{"line":34,"column":58}},"11":{"start":{"line":35,"column":4},"end":{"line":35,"column":null}},"12":{"start":{"line":38,"column":8},"end":{"line":61,"column":null}},"13":{"start":{"line":39,"column":4},"end":{"line":41,"column":null}},"14":{"start":{"line":40,"column":6},"end":{"line":40,"column":null}},"15":{"start":{"line":43,"column":20},"end":{"line":43,"column":null}},"16":{"start":{"line":44,"column":20},"end":{"line":44,"column":null}},"17":{"start":{"line":45,"column":4},"end":{"line":45,"column":null}},"18":{"start":{"line":45,"column":44},"end":{"line":45,"column":null}},"19":{"start":{"line":47,"column":22},"end":{"line":47,"column":null}},"20":{"start":{"line":48,"column":22},"end":{"line":48,"column":null}},"21":{"start":{"line":50,"column":4},"end":{"line":52,"column":null}},"22":{"start":{"line":51,"column":6},"end":{"line":51,"column":null}},"23":{"start":{"line":54,"column":20},"end":{"line":54,"column":null}},"24":{"start":{"line":55,"column":20},"end":{"line":55,"column":null}},"25":{"start":{"line":57,"column":19},"end":{"line":57,"column":null}},"26":{"start":{"line":58,"column":19},"end":{"line":58,"column":null}},"27":{"start":{"line":60,"column":4},"end":{"line":60,"column":null}},"28":{"start":{"line":63,"column":20},"end":{"line":66,"column":null}},"29":{"start":{"line":64,"column":4},"end":{"line":64,"column":null}},"30":{"start":{"line":65,"column":4},"end":{"line":65,"column":null}},"31":{"start":{"line":68,"column":23},"end":{"line":110,"column":null}},"32":{"start":{"line":69,"column":4},"end":{"line":69,"column":null}},"33":{"start":{"line":70,"column":4},"end":{"line":70,"column":null}},"34":{"start":{"line":72,"column":4},"end":{"line":75,"column":null}},"35":{"start":{"line":73,"column":6},"end":{"line":73,"column":null}},"36":{"start":{"line":74,"column":6},"end":{"line":74,"column":null}},"37":{"start":{"line":77,"column":4},"end":{"line":80,"column":null}},"38":{"start":{"line":78,"column":6},"end":{"line":78,"column":null}},"39":{"start":{"line":79,"column":6},"end":{"line":79,"column":null}},"40":{"start":{"line":82,"column":4},"end":{"line":85,"column":null}},"41":{"start":{"line":83,"column":6},"end":{"line":83,"column":null}},"42":{"start":{"line":84,"column":6},"end":{"line":84,"column":null}},"43":{"start":{"line":87,"column":27},"end":{"line":87,"column":null}},"44":{"start":{"line":88,"column":4},"end":{"line":91,"column":null}},"45":{"start":{"line":89,"column":6},"end":{"line":89,"column":null}},"46":{"start":{"line":90,"column":6},"end":{"line":90,"column":null}},"47":{"start":{"line":93,"column":24},"end":{"line":93,"column":null}},"48":{"start":{"line":95,"column":25},"end":{"line":105,"column":null}},"49":{"start":{"line":107,"column":4},"end":{"line":109,"column":null}},"50":{"start":{"line":108,"column":6},"end":{"line":108,"column":null}},"51":{"start":{"line":112,"column":2},"end":{"line":118,"column":null}},"52":{"start":{"line":113,"column":4},"end":{"line":116,"column":null}},"53":{"start":{"line":120,"column":2},"end":{"line":288,"column":null}},"54":{"start":{"line":131,"column":28},"end":{"line":131,"column":null}},"55":{"start":{"line":132,"column":14},"end":{"line":132,"column":null}},"56":{"start":{"line":133,"column":14},"end":{"line":136,"column":null}},"57":{"start":{"line":134,"column":36},"end":{"line":134,"column":null}},"58":{"start":{"line":134,"column":56},"end":{"line":134,"column":70}},"59":{"start":{"line":135,"column":16},"end":{"line":135,"column":null}},"60":{"start":{"line":137,"column":14},"end":{"line":139,"column":null}},"61":{"start":{"line":138,"column":16},"end":{"line":138,"column":null}},"62":{"start":{"line":144,"column":14},"end":{"line":146,"column":null}},"63":{"start":{"line":158,"column":28},"end":{"line":158,"column":null}},"64":{"start":{"line":159,"column":14},"end":{"line":159,"column":null}},"65":{"start":{"line":160,"column":14},"end":{"line":163,"column":null}},"66":{"start":{"line":161,"column":36},"end":{"line":161,"column":null}},"67":{"start":{"line":161,"column":56},"end":{"line":161,"column":70}},"68":{"start":{"line":162,"column":16},"end":{"line":162,"column":null}},"69":{"start":{"line":164,"column":14},"end":{"line":166,"column":null}},"70":{"start":{"line":165,"column":16},"end":{"line":165,"column":null}},"71":{"start":{"line":171,"column":14},"end":{"line":173,"column":null}},"72":{"start":{"line":185,"column":26},"end":{"line":185,"column":63}},"73":{"start":{"line":188,"column":33},"end":{"line":188,"column":null}},"74":{"start":{"line":189,"column":14},"end":{"line":232,"column":null}},"75":{"start":{"line":193,"column":33},"end":{"line":193,"column":null}},"76":{"start":{"line":248,"column":31},"end":{"line":248,"column":null}},"77":{"start":{"line":292,"column":20},"end":{"line":296,"column":null}},"78":{"start":{"line":293,"column":2},"end":{"line":293,"column":null}},"79":{"start":{"line":293,"column":27},"end":{"line":293,"column":null}},"80":{"start":{"line":294,"column":15},"end":{"line":294,"column":null}},"81":{"start":{"line":295,"column":2},"end":{"line":295,"column":null}}},"fnMap":{"0":{"name":"(anonymous_0)","decl":{"start":{"line":15,"column":29},"end":{"line":15,"column":30}},"loc":{"start":{"line":18,"column":26},"end":{"line":290,"column":null}},"line":18},"1":{"name":"(anonymous_1)","decl":{"start":{"line":32,"column":30},"end":{"line":32,"column":36}},"loc":{"start":{"line":32,"column":36},"end":{"line":36,"column":5}},"line":32},"2":{"name":"(anonymous_2)","decl":{"start":{"line":34,"column":20},"end":{"line":34,"column":21}},"loc":{"start":{"line":34,"column":32},"end":{"line":34,"column":58}},"line":34},"3":{"name":"(anonymous_3)","decl":{"start":{"line":38,"column":26},"end":{"line":38,"column":32}},"loc":{"start":{"line":38,"column":32},"end":{"line":61,"column":5}},"line":38},"4":{"name":"(anonymous_4)","decl":{"start":{"line":63,"column":20},"end":{"line":63,"column":26}},"loc":{"start":{"line":63,"column":26},"end":{"line":66,"column":null}},"line":63},"5":{"name":"(anonymous_5)","decl":{"start":{"line":68,"column":23},"end":{"line":68,"column":24}},"loc":{"start":{"line":68,"column":62},"end":{"line":110,"column":null}},"line":68},"6":{"name":"(anonymous_6)","decl":{"start":{"line":130,"column":22},"end":{"line":130,"column":23}},"loc":{"start":{"line":130,"column":33},"end":{"line":140,"column":null}},"line":130},"7":{"name":"(anonymous_7)","decl":{"start":{"line":134,"column":49},"end":{"line":134,"column":50}},"loc":{"start":{"line":134,"column":56},"end":{"line":134,"column":70}},"line":134},"8":{"name":"(anonymous_8)","decl":{"start":{"line":143,"column":25},"end":{"line":143,"column":26}},"loc":{"start":{"line":144,"column":14},"end":{"line":146,"column":null}},"line":144},"9":{"name":"(anonymous_9)","decl":{"start":{"line":157,"column":22},"end":{"line":157,"column":23}},"loc":{"start":{"line":157,"column":33},"end":{"line":167,"column":null}},"line":157},"10":{"name":"(anonymous_10)","decl":{"start":{"line":161,"column":49},"end":{"line":161,"column":50}},"loc":{"start":{"line":161,"column":56},"end":{"line":161,"column":70}},"line":161},"11":{"name":"(anonymous_11)","decl":{"start":{"line":170,"column":25},"end":{"line":170,"column":26}},"loc":{"start":{"line":171,"column":14},"end":{"line":173,"column":null}},"line":171},"12":{"name":"(anonymous_12)","decl":{"start":{"line":185,"column":17},"end":{"line":185,"column":18}},"loc":{"start":{"line":185,"column":26},"end":{"line":185,"column":63}},"line":185},"13":{"name":"(anonymous_13)","decl":{"start":{"line":187,"column":17},"end":{"line":187,"column":18}},"loc":{"start":{"line":187,"column":29},"end":{"line":234,"column":13}},"line":187},"14":{"name":"(anonymous_14)","decl":{"start":{"line":193,"column":27},"end":{"line":193,"column":33}},"loc":{"start":{"line":193,"column":33},"end":{"line":193,"column":null}},"line":193},"15":{"name":"(anonymous_15)","decl":{"start":{"line":248,"column":20},"end":{"line":248,"column":21}},"loc":{"start":{"line":248,"column":31},"end":{"line":248,"column":null}},"line":248},"16":{"name":"(anonymous_16)","decl":{"start":{"line":292,"column":20},"end":{"line":292,"column":21}},"loc":{"start":{"line":292,"column":47},"end":{"line":296,"column":null}},"line":292}},"branchMap":{"0":{"loc":{"start":{"line":21,"column":4},"end":{"line":21,"column":null}},"type":"binary-expr","locations":[{"start":{"line":21,"column":4},"end":{"line":21,"column":22}},{"start":{"line":21,"column":22},"end":{"line":21,"column":null}}],"line":21},"1":{"loc":{"start":{"line":24,"column":4},"end":{"line":24,"column":null}},"type":"binary-expr","locations":[{"start":{"line":24,"column":4},"end":{"line":24,"column":22}},{"start":{"line":24,"column":22},"end":{"line":24,"column":null}}],"line":24},"2":{"loc":{"start":{"line":27,"column":4},"end":{"line":27,"column":null}},"type":"binary-expr","locations":[{"start":{"line":27,"column":4},"end":{"line":27,"column":22}},{"start":{"line":27,"column":22},"end":{"line":27,"column":null}}],"line":27},"3":{"loc":{"start":{"line":39,"column":4},"end":{"line":41,"column":null}},"type":"if","locations":[{"start":{"line":39,"column":4},"end":{"line":41,"column":null}},{"start":{},"end":{}}],"line":39},"4":{"loc":{"start":{"line":39,"column":8},"end":{"line":39,"column":61}},"type":"binary-expr","locations":[{"start":{"line":39,"column":8},"end":{"line":39,"column":22}},{"start":{"line":39,"column":22},"end":{"line":39,"column":36}},{"start":{"line":39,"column":36},"end":{"line":39,"column":61}}],"line":39},"5":{"loc":{"start":{"line":45,"column":4},"end":{"line":45,"column":null}},"type":"if","locations":[{"start":{"line":45,"column":4},"end":{"line":45,"column":null}},{"start":{},"end":{}}],"line":45},"6":{"loc":{"start":{"line":45,"column":8},"end":{"line":45,"column":44}},"type":"binary-expr","locations":[{"start":{"line":45,"column":8},"end":{"line":45,"column":27}},{"start":{"line":45,"column":27},"end":{"line":45,"column":44}}],"line":45},"7":{"loc":{"start":{"line":50,"column":4},"end":{"line":52,"column":null}},"type":"if","locations":[{"start":{"line":50,"column":4},"end":{"line":52,"column":null}},{"start":{},"end":{}}],"line":50},"8":{"loc":{"start":{"line":50,"column":8},"end":{"line":50,"column":58}},"type":"binary-expr","locations":[{"start":{"line":50,"column":8},"end":{"line":50,"column":34}},{"start":{"line":50,"column":34},"end":{"line":50,"column":58}}],"line":50},"9":{"loc":{"start":{"line":54,"column":20},"end":{"line":54,"column":null}},"type":"cond-expr","locations":[{"start":{"line":54,"column":45},"end":{"line":54,"column":49}},{"start":{"line":54,"column":49},"end":{"line":54,"column":null}}],"line":54},"10":{"loc":{"start":{"line":72,"column":4},"end":{"line":75,"column":null}},"type":"if","locations":[{"start":{"line":72,"column":4},"end":{"line":75,"column":null}},{"start":{},"end":{}}],"line":72},"11":{"loc":{"start":{"line":72,"column":8},"end":{"line":72,"column":34}},"type":"binary-expr","locations":[{"start":{"line":72,"column":8},"end":{"line":72,"column":22}},{"start":{"line":72,"column":22},"end":{"line":72,"column":34}}],"line":72},"12":{"loc":{"start":{"line":77,"column":4},"end":{"line":80,"column":null}},"type":"if","locations":[{"start":{"line":77,"column":4},"end":{"line":80,"column":null}},{"start":{},"end":{}}],"line":77},"13":{"loc":{"start":{"line":82,"column":4},"end":{"line":85,"column":null}},"type":"if","locations":[{"start":{"line":82,"column":4},"end":{"line":85,"column":null}},{"start":{},"end":{}}],"line":82},"14":{"loc":{"start":{"line":82,"column":8},"end":{"line":82,"column":58}},"type":"binary-expr","locations":[{"start":{"line":82,"column":8},"end":{"line":82,"column":34}},{"start":{"line":82,"column":34},"end":{"line":82,"column":58}}],"line":82},"15":{"loc":{"start":{"line":88,"column":4},"end":{"line":91,"column":null}},"type":"if","locations":[{"start":{"line":88,"column":4},"end":{"line":91,"column":null}},{"start":{},"end":{}}],"line":88},"16":{"loc":{"start":{"line":102,"column":14},"end":{"line":102,"column":null}},"type":"cond-expr","locations":[{"start":{"line":102,"column":39},"end":{"line":102,"column":53}},{"start":{"line":102,"column":53},"end":{"line":102,"column":null}}],"line":102},"17":{"loc":{"start":{"line":107,"column":4},"end":{"line":109,"column":null}},"type":"if","locations":[{"start":{"line":107,"column":4},"end":{"line":109,"column":null}},{"start":{},"end":{}}],"line":107},"18":{"loc":{"start":{"line":112,"column":2},"end":{"line":118,"column":null}},"type":"if","locations":[{"start":{"line":112,"column":2},"end":{"line":118,"column":null}},{"start":{},"end":{}}],"line":112},"19":{"loc":{"start":{"line":133,"column":14},"end":{"line":136,"column":null}},"type":"if","locations":[{"start":{"line":133,"column":14},"end":{"line":136,"column":null}},{"start":{},"end":{}}],"line":133},"20":{"loc":{"start":{"line":133,"column":18},"end":{"line":133,"column":48}},"type":"binary-expr","locations":[{"start":{"line":133,"column":18},"end":{"line":133,"column":27}},{"start":{"line":133,"column":27},"end":{"line":133,"column":48}}],"line":133},"21":{"loc":{"start":{"line":134,"column":36},"end":{"line":134,"column":null}},"type":"binary-expr","locations":[{"start":{"line":134,"column":36},"end":{"line":134,"column":79}},{"start":{"line":134,"column":79},"end":{"line":134,"column":null}}],"line":134},"22":{"loc":{"start":{"line":137,"column":14},"end":{"line":139,"column":null}},"type":"if","locations":[{"start":{"line":137,"column":14},"end":{"line":139,"column":null}},{"start":{},"end":{}}],"line":137},"23":{"loc":{"start":{"line":137,"column":18},"end":{"line":137,"column":76}},"type":"binary-expr","locations":[{"start":{"line":137,"column":18},"end":{"line":137,"column":30}},{"start":{"line":137,"column":30},"end":{"line":137,"column":52}},{"start":{"line":137,"column":52},"end":{"line":137,"column":76}}],"line":137},"24":{"loc":{"start":{"line":160,"column":14},"end":{"line":163,"column":null}},"type":"if","locations":[{"start":{"line":160,"column":14},"end":{"line":163,"column":null}},{"start":{},"end":{}}],"line":160},"25":{"loc":{"start":{"line":160,"column":18},"end":{"line":160,"column":48}},"type":"binary-expr","locations":[{"start":{"line":160,"column":18},"end":{"line":160,"column":27}},{"start":{"line":160,"column":27},"end":{"line":160,"column":48}}],"line":160},"26":{"loc":{"start":{"line":161,"column":36},"end":{"line":161,"column":null}},"type":"binary-expr","locations":[{"start":{"line":161,"column":36},"end":{"line":161,"column":79}},{"start":{"line":161,"column":79},"end":{"line":161,"column":null}}],"line":161},"27":{"loc":{"start":{"line":164,"column":14},"end":{"line":166,"column":null}},"type":"if","locations":[{"start":{"line":164,"column":14},"end":{"line":166,"column":null}},{"start":{},"end":{}}],"line":164},"28":{"loc":{"start":{"line":164,"column":18},"end":{"line":164,"column":76}},"type":"binary-expr","locations":[{"start":{"line":164,"column":18},"end":{"line":164,"column":30}},{"start":{"line":164,"column":30},"end":{"line":164,"column":52}},{"start":{"line":164,"column":52},"end":{"line":164,"column":76}}],"line":164},"29":{"loc":{"start":{"line":185,"column":26},"end":{"line":185,"column":63}},"type":"cond-expr","locations":[{"start":{"line":185,"column":31},"end":{"line":185,"column":53}},{"start":{"line":185,"column":53},"end":{"line":185,"column":63}}],"line":185},"30":{"loc":{"start":{"line":197,"column":22},"end":{"line":199,"column":null}},"type":"cond-expr","locations":[{"start":{"line":198,"column":26},"end":{"line":198,"column":null}},{"start":{"line":199,"column":26},"end":{"line":199,"column":null}}],"line":197},"31":{"loc":{"start":{"line":207,"column":24},"end":{"line":209,"column":null}},"type":"cond-expr","locations":[{"start":{"line":208,"column":28},"end":{"line":208,"column":null}},{"start":{"line":209,"column":28},"end":{"line":209,"column":null}}],"line":207},"32":{"loc":{"start":{"line":219,"column":24},"end":{"line":221,"column":null}},"type":"cond-expr","locations":[{"start":{"line":220,"column":28},"end":{"line":220,"column":null}},{"start":{"line":221,"column":28},"end":{"line":221,"column":null}}],"line":219},"33":{"loc":{"start":{"line":227,"column":19},"end":{"line":230,"column":null}},"type":"binary-expr","locations":[{"start":{"line":227,"column":19},"end":{"line":227,"column":null}},{"start":{"line":228,"column":20},"end":{"line":230,"column":null}}],"line":227},"34":{"loc":{"start":{"line":252,"column":7},"end":{"line":273,"column":null}},"type":"binary-expr","locations":[{"start":{"line":252,"column":7},"end":{"line":252,"column":18}},{"start":{"line":252,"column":18},"end":{"line":252,"column":31}},{"start":{"line":252,"column":31},"end":{"line":252,"column":null}},{"start":{"line":253,"column":8},"end":{"line":273,"column":null}}],"line":252},"35":{"loc":{"start":{"line":259,"column":15},"end":{"line":259,"column":74}},"type":"binary-expr","locations":[{"start":{"line":259,"column":15},"end":{"line":259,"column":63}},{"start":{"line":259,"column":63},"end":{"line":259,"column":74}}],"line":259},"36":{"loc":{"start":{"line":260,"column":31},"end":{"line":260,"column":null}},"type":"cond-expr","locations":[{"start":{"line":260,"column":52},"end":{"line":260,"column":71}},{"start":{"line":260,"column":71},"end":{"line":260,"column":null}}],"line":260},"37":{"loc":{"start":{"line":266,"column":15},"end":{"line":266,"column":74}},"type":"binary-expr","locations":[{"start":{"line":266,"column":15},"end":{"line":266,"column":63}},{"start":{"line":266,"column":63},"end":{"line":266,"column":74}}],"line":266},"38":{"loc":{"start":{"line":267,"column":31},"end":{"line":267,"column":null}},"type":"cond-expr","locations":[{"start":{"line":267,"column":52},"end":{"line":267,"column":71}},{"start":{"line":267,"column":71},"end":{"line":267,"column":null}}],"line":267},"39":{"loc":{"start":{"line":276,"column":7},"end":{"line":277,"column":null}},"type":"binary-expr","locations":[{"start":{"line":276,"column":7},"end":{"line":276,"column":null}},{"start":{"line":277,"column":8},"end":{"line":277,"column":null}}],"line":276},"40":{"loc":{"start":{"line":293,"column":2},"end":{"line":293,"column":null}},"type":"if","locations":[{"start":{"line":293,"column":2},"end":{"line":293,"column":null}},{"start":{},"end":{}}],"line":293},"41":{"loc":{"start":{"line":294,"column":15},"end":{"line":294,"column":null}},"type":"cond-expr","locations":[{"start":{"line":294,"column":28},"end":{"line":294,"column":34}},{"start":{"line":294,"column":34},"end":{"line":294,"column":null}}],"line":294}},"s":{"0":1,"1":48,"2":48,"3":48,"4":48,"5":48,"6":48,"7":48,"8":15,"9":15,"10":42,"11":15,"12":48,"13":18,"14":1,"15":17,"16":17,"17":17,"18":0,"19":17,"20":17,"21":17,"22":0,"23":17,"24":18,"25":18,"26":18,"27":18,"28":48,"29":1,"30":1,"31":48,"32":4,"33":4,"34":4,"35":0,"36":0,"37":4,"38":0,"39":0,"40":4,"41":0,"42":0,"43":4,"44":4,"45":0,"46":0,"47":4,"48":4,"49":4,"50":1,"51":48,"52":1,"53":47,"54":2,"55":2,"56":2,"57":2,"58":2,"59":2,"60":2,"61":2,"62":140,"63":0,"64":0,"65":0,"66":0,"67":0,"68":0,"69":0,"70":0,"71":140,"72":94,"73":94,"74":94,"75":1,"76":26,"77":1,"78":94,"79":0,"80":94,"81":94},"f":{"0":48,"1":15,"2":42,"3":18,"4":1,"5":4,"6":2,"7":2,"8":140,"9":0,"10":0,"11":140,"12":94,"13":94,"14":1,"15":26,"16":94},"b":{"0":[48,0],"1":[48,1],"2":[48,0],"3":[1,17],"4":[18,18,17],"5":[0,17],"6":[17,17],"7":[0,17],"8":[17,1],"9":[16,1],"10":[0,4],"11":[4,4],"12":[0,4],"13":[0,4],"14":[4,0],"15":[0,4],"16":[2,2],"17":[1,3],"18":[1,47],"19":[2,0],"20":[2,2],"21":[2,0],"22":[2,0],"23":[2,2,2],"24":[0,0],"25":[0,0],"26":[0,0],"27":[0,0],"28":[0,0,0],"29":[94,0],"30":[47,47],"31":[47,47],"32":[47,47],"33":[94,47],"34":[47,47,47,47],"35":[47,0],"36":[46,1],"37":[47,0],"38":[1,46],"39":[48,1],"40":[0,94],"41":[47,47]},"meta":{"lastBranch":42,"lastFunction":17,"lastStatement":82,"seen":{"s:15:29:290:Infinity":0,"f:15:29:15:30":0,"s:19:17:19:Infinity":1,"s:20:32:22:Infinity":2,"b:21:4:21:22:21:22:21:Infinity":0,"s:23:32:25:Infinity":3,"b:24:4:24:22:24:22:24:Infinity":1,"s:26:30:28:Infinity":4,"b:27:4:27:22:27:22:27:Infinity":2,"s:29:22:29:Infinity":5,"s:30:24:30:Infinity":6,"s:32:8:36:Infinity":7,"f:32:30:32:36":1,"s:33:16:33:Infinity":8,"s:34:4:34:Infinity":9,"f:34:20:34:21":2,"s:34:32:34:58":10,"s:35:4:35:Infinity":11,"s:38:8:61:Infinity":12,"f:38:26:38:32":3,"b:39:4:41:Infinity:undefined:undefined:undefined:undefined":3,"s:39:4:41:Infinity":13,"b:39:8:39:22:39:22:39:36:39:36:39:61":4,"s:40:6:40:Infinity":14,"s:43:20:43:Infinity":15,"s:44:20:44:Infinity":16,"b:45:4:45:Infinity:undefined:undefined:undefined:undefined":5,"s:45:4:45:Infinity":17,"b:45:8:45:27:45:27:45:44":6,"s:45:44:45:Infinity":18,"s:47:22:47:Infinity":19,"s:48:22:48:Infinity":20,"b:50:4:52:Infinity:undefined:undefined:undefined:undefined":7,"s:50:4:52:Infinity":21,"b:50:8:50:34:50:34:50:58":8,"s:51:6:51:Infinity":22,"s:54:20:54:Infinity":23,"b:54:45:54:49:54:49:54:Infinity":9,"s:55:20:55:Infinity":24,"s:57:19:57:Infinity":25,"s:58:19:58:Infinity":26,"s:60:4:60:Infinity":27,"s:63:20:66:Infinity":28,"f:63:20:63:26":4,"s:64:4:64:Infinity":29,"s:65:4:65:Infinity":30,"s:68:23:110:Infinity":31,"f:68:23:68:24":5,"s:69:4:69:Infinity":32,"s:70:4:70:Infinity":33,"b:72:4:75:Infinity:undefined:undefined:undefined:undefined":10,"s:72:4:75:Infinity":34,"b:72:8:72:22:72:22:72:34":11,"s:73:6:73:Infinity":35,"s:74:6:74:Infinity":36,"b:77:4:80:Infinity:undefined:undefined:undefined:undefined":12,"s:77:4:80:Infinity":37,"s:78:6:78:Infinity":38,"s:79:6:79:Infinity":39,"b:82:4:85:Infinity:undefined:undefined:undefined:undefined":13,"s:82:4:85:Infinity":40,"b:82:8:82:34:82:34:82:58":14,"s:83:6:83:Infinity":41,"s:84:6:84:Infinity":42,"s:87:27:87:Infinity":43,"b:88:4:91:Infinity:undefined:undefined:undefined:undefined":15,"s:88:4:91:Infinity":44,"s:89:6:89:Infinity":45,"s:90:6:90:Infinity":46,"s:93:24:93:Infinity":47,"s:95:25:105:Infinity":48,"b:102:39:102:53:102:53:102:Infinity":16,"b:107:4:109:Infinity:undefined:undefined:undefined:undefined":17,"s:107:4:109:Infinity":49,"s:108:6:108:Infinity":50,"b:112:2:118:Infinity:undefined:undefined:undefined:undefined":18,"s:112:2:118:Infinity":51,"s:113:4:116:Infinity":52,"s:120:2:288:Infinity":53,"f:130:22:130:23":6,"s:131:28:131:Infinity":54,"s:132:14:132:Infinity":55,"b:133:14:136:Infinity:undefined:undefined:undefined:undefined":19,"s:133:14:136:Infinity":56,"b:133:18:133:27:133:27:133:48":20,"s:134:36:134:Infinity":57,"b:134:36:134:79:134:79:134:Infinity":21,"f:134:49:134:50":7,"s:134:56:134:70":58,"s:135:16:135:Infinity":59,"b:137:14:139:Infinity:undefined:undefined:undefined:undefined":22,"s:137:14:139:Infinity":60,"b:137:18:137:30:137:30:137:52:137:52:137:76":23,"s:138:16:138:Infinity":61,"f:143:25:143:26":8,"s:144:14:146:Infinity":62,"f:157:22:157:23":9,"s:158:28:158:Infinity":63,"s:159:14:159:Infinity":64,"b:160:14:163:Infinity:undefined:undefined:undefined:undefined":24,"s:160:14:163:Infinity":65,"b:160:18:160:27:160:27:160:48":25,"s:161:36:161:Infinity":66,"b:161:36:161:79:161:79:161:Infinity":26,"f:161:49:161:50":10,"s:161:56:161:70":67,"s:162:16:162:Infinity":68,"b:164:14:166:Infinity:undefined:undefined:undefined:undefined":27,"s:164:14:166:Infinity":69,"b:164:18:164:30:164:30:164:52:164:52:164:76":28,"s:165:16:165:Infinity":70,"f:170:25:170:26":11,"s:171:14:173:Infinity":71,"f:185:17:185:18":12,"s:185:26:185:63":72,"b:185:31:185:53:185:53:185:63":29,"f:187:17:187:18":13,"s:188:33:188:Infinity":73,"s:189:14:232:Infinity":74,"f:193:27:193:33":14,"s:193:33:193:Infinity":75,"b:198:26:198:Infinity:199:26:199:Infinity":30,"b:208:28:208:Infinity:209:28:209:Infinity":31,"b:220:28:220:Infinity:221:28:221:Infinity":32,"b:227:19:227:Infinity:228:20:230:Infinity":33,"f:248:20:248:21":15,"s:248:31:248:Infinity":76,"b:252:7:252:18:252:18:252:31:252:31:252:Infinity:253:8:273:Infinity":34,"b:259:15:259:63:259:63:259:74":35,"b:260:52:260:71:260:71:260:Infinity":36,"b:266:15:266:63:266:63:266:74":37,"b:267:52:267:71:267:71:267:Infinity":38,"b:276:7:276:Infinity:277:8:277:Infinity":39,"s:292:20:296:Infinity":77,"f:292:20:292:21":16,"b:293:2:293:Infinity:undefined:undefined:undefined:undefined":40,"s:293:2:293:Infinity":78,"s:293:27:293:Infinity":79,"s:294:15:294:Infinity":80,"b:294:28:294:34:294:34:294:Infinity":41,"s:295:2:295:Infinity":81}}}
,"/Users/matejkriz/Projects/table-tennis-league/src/hooks/useLeagueData.ts": {"path":"/Users/matejkriz/Projects/table-tennis-league/src/hooks/useLeagueData.ts","statementMap":{"0":{"start":{"line":6,"column":24},"end":{"line":6,"column":null}},"1":{"start":{"line":42,"column":29},"end":{"line":125,"column":null}},"2":{"start":{"line":43,"column":8},"end":{"line":43,"column":null}},"3":{"start":{"line":44,"column":8},"end":{"line":44,"column":null}},"4":{"start":{"line":46,"column":2},"end":{"line":124,"column":null}},"5":{"start":{"line":47,"column":24},"end":{"line":47,"column":null}},"6":{"start":{"line":48,"column":4},"end":{"line":50,"column":null}},"7":{"start":{"line":49,"column":6},"end":{"line":49,"column":null}},"8":{"start":{"line":52,"column":24},"end":{"line":55,"column":null}},"9":{"start":{"line":57,"column":4},"end":{"line":63,"column":null}},"10":{"start":{"line":58,"column":6},"end":{"line":62,"column":null}},"11":{"start":{"line":65,"column":26},"end":{"line":67,"column":null}},"12":{"start":{"line":66,"column":6},"end":{"line":66,"column":null}},"13":{"start":{"line":69,"column":38},"end":{"line":69,"column":null}},"14":{"start":{"line":71,"column":4},"end":{"line":105,"column":null}},"15":{"start":{"line":72,"column":22},"end":{"line":72,"column":null}},"16":{"start":{"line":73,"column":22},"end":{"line":73,"column":null}},"17":{"start":{"line":74,"column":6},"end":{"line":74,"column":null}},"18":{"start":{"line":74,"column":32},"end":{"line":74,"column":null}},"19":{"start":{"line":76,"column":21},"end":{"line":76,"column":null}},"20":{"start":{"line":77,"column":21},"end":{"line":77,"column":null}},"21":{"start":{"line":78,"column":6},"end":{"line":78,"column":null}},"22":{"start":{"line":78,"column":30},"end":{"line":78,"column":null}},"23":{"start":{"line":80,"column":22},"end":{"line":80,"column":null}},"24":{"start":{"line":81,"column":22},"end":{"line":81,"column":null}},"25":{"start":{"line":83,"column":24},"end":{"line":83,"column":null}},"26":{"start":{"line":84,"column":24},"end":{"line":84,"column":null}},"27":{"start":{"line":86,"column":22},"end":{"line":86,"column":null}},"28":{"start":{"line":87,"column":22},"end":{"line":87,"column":null}},"29":{"start":{"line":89,"column":25},"end":{"line":89,"column":null}},"30":{"start":{"line":90,"column":25},"end":{"line":90,"column":null}},"31":{"start":{"line":92,"column":6},"end":{"line":92,"column":null}},"32":{"start":{"line":93,"column":6},"end":{"line":93,"column":null}},"33":{"start":{"line":95,"column":6},"end":{"line":95,"column":null}},"34":{"start":{"line":96,"column":6},"end":{"line":96,"column":null}},"35":{"start":{"line":98,"column":6},"end":{"line":104,"column":null}},"36":{"start":{"line":107,"column":36},"end":{"line":116,"column":null}},"37":{"start":{"line":109,"column":22},"end":{"line":109,"column":null}},"38":{"start":{"line":110,"column":23},"end":{"line":110,"column":null}},"39":{"start":{"line":111,"column":24},"end":{"line":111,"column":null}},"40":{"start":{"line":112,"column":22},"end":{"line":112,"column":null}},"41":{"start":{"line":113,"column":27},"end":{"line":113,"column":null}},"42":{"start":{"line":114,"column":8},"end":{"line":114,"column":null}},"43":{"start":{"line":116,"column":22},"end":{"line":116,"column":87}},"44":{"start":{"line":118,"column":4},"end":{"line":123,"column":null}}},"fnMap":{"0":{"name":"(anonymous_0)","decl":{"start":{"line":42,"column":29},"end":{"line":42,"column":47}},"loc":{"start":{"line":42,"column":47},"end":{"line":125,"column":null}},"line":42},"1":{"name":"(anonymous_1)","decl":{"start":{"line":46,"column":17},"end":{"line":46,"column":23}},"loc":{"start":{"line":46,"column":23},"end":{"line":124,"column":5}},"line":46},"2":{"name":"(anonymous_2)","decl":{"start":{"line":48,"column":20},"end":{"line":48,"column":21}},"loc":{"start":{"line":48,"column":32},"end":{"line":50,"column":5}},"line":48},"3":{"name":"(anonymous_3)","decl":{"start":{"line":57,"column":20},"end":{"line":57,"column":21}},"loc":{"start":{"line":57,"column":32},"end":{"line":63,"column":5}},"line":57},"4":{"name":"(anonymous_4)","decl":{"start":{"line":65,"column":44},"end":{"line":65,"column":45}},"loc":{"start":{"line":66,"column":6},"end":{"line":66,"column":null}},"line":66},"5":{"name":"(anonymous_5)","decl":{"start":{"line":71,"column":26},"end":{"line":71,"column":27}},"loc":{"start":{"line":71,"column":37},"end":{"line":105,"column":5}},"line":71},"6":{"name":"(anonymous_6)","decl":{"start":{"line":108,"column":11},"end":{"line":108,"column":12}},"loc":{"start":{"line":108,"column":23},"end":{"line":115,"column":7}},"line":108},"7":{"name":"(anonymous_7)","decl":{"start":{"line":116,"column":12},"end":{"line":116,"column":13}},"loc":{"start":{"line":116,"column":22},"end":{"line":116,"column":87}},"line":116}},"branchMap":{"0":{"loc":{"start":{"line":74,"column":6},"end":{"line":74,"column":null}},"type":"if","locations":[{"start":{"line":74,"column":6},"end":{"line":74,"column":null}},{"start":{},"end":{}}],"line":74},"1":{"loc":{"start":{"line":74,"column":10},"end":{"line":74,"column":32}},"type":"binary-expr","locations":[{"start":{"line":74,"column":10},"end":{"line":74,"column":22}},{"start":{"line":74,"column":22},"end":{"line":74,"column":32}}],"line":74},"2":{"loc":{"start":{"line":78,"column":6},"end":{"line":78,"column":null}},"type":"if","locations":[{"start":{"line":78,"column":6},"end":{"line":78,"column":null}},{"start":{},"end":{}}],"line":78},"3":{"loc":{"start":{"line":78,"column":10},"end":{"line":78,"column":30}},"type":"binary-expr","locations":[{"start":{"line":78,"column":10},"end":{"line":78,"column":21}},{"start":{"line":78,"column":21},"end":{"line":78,"column":30}}],"line":78},"4":{"loc":{"start":{"line":86,"column":22},"end":{"line":86,"column":null}},"type":"cond-expr","locations":[{"start":{"line":86,"column":54},"end":{"line":86,"column":58}},{"start":{"line":86,"column":58},"end":{"line":86,"column":null}}],"line":86},"5":{"loc":{"start":{"line":110,"column":23},"end":{"line":110,"column":null}},"type":"binary-expr","locations":[{"start":{"line":110,"column":23},"end":{"line":110,"column":40}},{"start":{"line":110,"column":40},"end":{"line":110,"column":null}}],"line":110},"6":{"loc":{"start":{"line":111,"column":24},"end":{"line":111,"column":null}},"type":"binary-expr","locations":[{"start":{"line":111,"column":24},"end":{"line":111,"column":42}},{"start":{"line":111,"column":42},"end":{"line":111,"column":null}}],"line":111},"7":{"loc":{"start":{"line":113,"column":27},"end":{"line":113,"column":null}},"type":"binary-expr","locations":[{"start":{"line":113,"column":27},"end":{"line":113,"column":48}},{"start":{"line":113,"column":48},"end":{"line":113,"column":null}}],"line":113},"8":{"loc":{"start":{"line":116,"column":22},"end":{"line":116,"column":87}},"type":"binary-expr","locations":[{"start":{"line":116,"column":22},"end":{"line":116,"column":45}},{"start":{"line":116,"column":45},"end":{"line":116,"column":87}}],"line":116}},"s":{"0":2,"1":2,"2":10,"3":10,"4":10,"5":10,"6":10,"7":27,"8":10,"9":10,"10":27,"11":10,"12":3,"13":10,"14":10,"15":10,"16":10,"17":10,"18":0,"19":10,"20":10,"21":10,"22":0,"23":10,"24":10,"25":10,"26":10,"27":10,"28":10,"29":10,"30":10,"31":10,"32":10,"33":10,"34":10,"35":10,"36":10,"37":27,"38":27,"39":27,"40":27,"41":27,"42":27,"43":36,"44":10},"f":{"0":10,"1":10,"2":27,"3":27,"4":3,"5":10,"6":27,"7":36},"b":{"0":[0,10],"1":[10,10],"2":[0,10],"3":[10,10],"4":[8,2],"5":[27,0],"6":[27,0],"7":[27,0],"8":[36,2]},"meta":{"lastBranch":9,"lastFunction":8,"lastStatement":45,"seen":{"s:6:24:6:Infinity":0,"s:42:29:125:Infinity":1,"f:42:29:42:47":0,"s:43:8:43:Infinity":2,"s:44:8:44:Infinity":3,"s:46:2:124:Infinity":4,"f:46:17:46:23":1,"s:47:24:47:Infinity":5,"s:48:4:50:Infinity":6,"f:48:20:48:21":2,"s:49:6:49:Infinity":7,"s:52:24:55:Infinity":8,"s:57:4:63:Infinity":9,"f:57:20:57:21":3,"s:58:6:62:Infinity":10,"s:65:26:67:Infinity":11,"f:65:44:65:45":4,"s:66:6:66:Infinity":12,"s:69:38:69:Infinity":13,"s:71:4:105:Infinity":14,"f:71:26:71:27":5,"s:72:22:72:Infinity":15,"s:73:22:73:Infinity":16,"b:74:6:74:Infinity:undefined:undefined:undefined:undefined":0,"s:74:6:74:Infinity":17,"b:74:10:74:22:74:22:74:32":1,"s:74:32:74:Infinity":18,"s:76:21:76:Infinity":19,"s:77:21:77:Infinity":20,"b:78:6:78:Infinity:undefined:undefined:undefined:undefined":2,"s:78:6:78:Infinity":21,"b:78:10:78:21:78:21:78:30":3,"s:78:30:78:Infinity":22,"s:80:22:80:Infinity":23,"s:81:22:81:Infinity":24,"s:83:24:83:Infinity":25,"s:84:24:84:Infinity":26,"s:86:22:86:Infinity":27,"b:86:54:86:58:86:58:86:Infinity":4,"s:87:22:87:Infinity":28,"s:89:25:89:Infinity":29,"s:90:25:90:Infinity":30,"s:92:6:92:Infinity":31,"s:93:6:93:Infinity":32,"s:95:6:95:Infinity":33,"s:96:6:96:Infinity":34,"s:98:6:104:Infinity":35,"s:107:36:116:Infinity":36,"f:108:11:108:12":6,"s:109:22:109:Infinity":37,"s:110:23:110:Infinity":38,"b:110:23:110:40:110:40:110:Infinity":5,"s:111:24:111:Infinity":39,"b:111:24:111:42:111:42:111:Infinity":6,"s:112:22:112:Infinity":40,"s:113:27:113:Infinity":41,"b:113:27:113:48:113:48:113:Infinity":7,"s:114:8:114:Infinity":42,"f:116:12:116:13":7,"s:116:22:116:87":43,"b:116:22:116:45:116:45:116:87":8,"s:118:4:123:Infinity":44}}}
}
